# JRE version: Java(TM) SE Runtime Environment (21.0+35) (build 21+35-LTS-2513)
# Java VM: Java HotSpot(TM) 64-Bit Server VM (21+35-LTS-2513, mixed mode, sharing, tiered, compressed oops, compressed class ptrs, g1 gc, windows-amd64)
GC Precious Log:
 CardTable entry size: 512
 Card Set container configuration: InlinePtr #cards 4 size 8 Array Of Cards #cards 16 size 48 Howl #buckets 8 coarsen threshold 3686 Howl Bitmap #cards 512 size 80 coarsen threshold 460 Card regions per heap region 1 cards per card region 4096
 CPUs: 8 total, 8 available
 Memory: 16155M
 Large Page Support: Disabled
 NUMA Support: Disabled
 Compressed Oops: Enabled (Zero based)
 Heap Region Size: 2M
 Heap Min Capacity: 8M
 Heap Initial Capacity: 254M
 Heap Max Capacity: 4040M
 Pre-touch: Disabled
 Parallel Workers: 8
 Concurrent Workers: 2
 Concurrent Refinement Workers: 8
 Periodic GC: Disabled
Heap:
 garbage-first heap   total 102400K, used 29175K [0x0000000703800000, 0x0000000800000000)
  region size 2048K, 4 young (8192K), 2 survivors (4096K)
 Metaspace       used 60267K, committed 60928K, reserved 1114112K
  class space    used 7979K, committed 8320K, reserved 1048576K
GC Heap History (20 events):
Event: 0.621 GC heap before
{Heap before GC invocations=0 (full 0):
 garbage-first heap   total 260096K, used 20480K [0x0000000703800000, 0x0000000800000000)
  region size 2048K, 11 young (22528K), 0 survivors (0K)
 Metaspace       used 4882K, committed 5056K, reserved 1114112K
  class space    used 542K, committed 640K, reserved 1048576K
}
Event: 0.626 GC heap after
{Heap after GC invocations=1 (full 0):
 garbage-first heap   total 260096K, used 8319K [0x0000000703800000, 0x0000000800000000)
  region size 2048K, 2 young (4096K), 2 survivors (4096K)
 Metaspace       used 4882K, committed 5056K, reserved 1114112K
  class space    used 542K, committed 640K, reserved 1048576K
}
Event: 1.159 GC heap before
{Heap before GC invocations=1 (full 0):
 garbage-first heap   total 260096K, used 30847K [0x0000000703800000, 0x0000000800000000)
  region size 2048K, 14 young (28672K), 2 survivors (4096K)
 Metaspace       used 11366K, committed 11712K, reserved 1114112K
  class space    used 1356K, committed 1536K, reserved 1048576K
}
Event: 1.164 GC heap after
{Heap after GC invocations=2 (full 0):
 garbage-first heap   total 260096K, used 9795K [0x0000000703800000, 0x0000000800000000)
  region size 2048K, 1 young (2048K), 1 survivors (2048K)
 Metaspace       used 11366K, committed 11712K, reserved 1114112K
  class space    used 1356K, committed 1536K, reserved 1048576K
}
Event: 2.341 GC heap before
{Heap before GC invocations=2 (full 0):
 garbage-first heap   total 260096K, used 67139K [0x0000000703800000, 0x0000000800000000)
  region size 2048K, 31 young (63488K), 1 survivors (2048K)
 Metaspace       used 21160K, committed 21504K, reserved 1114112K
  class space    used 2563K, committed 2752K, reserved 1048576K
}
Event: 2.349 GC heap after
{Heap after GC invocations=3 (full 0):
 garbage-first heap   total 260096K, used 14890K [0x0000000703800000, 0x0000000800000000)
  region size 2048K, 4 young (8192K), 4 survivors (8192K)
 Metaspace       used 21160K, committed 21504K, reserved 1114112K
  class space    used 2563K, committed 2752K, reserved 1048576K
}
Event: 3.104 GC heap before
{Heap before GC invocations=4 (full 0):
 garbage-first heap   total 61440K, used 43562K [0x0000000703800000, 0x0000000800000000)
  region size 2048K, 18 young (36864K), 4 survivors (8192K)
 Metaspace       used 26391K, committed 26880K, reserved 1114112K
  class space    used 3313K, committed 3520K, reserved 1048576K
}
Event: 3.113 GC heap after
{Heap after GC invocations=5 (full 0):
 garbage-first heap   total 61440K, used 17717K [0x0000000703800000, 0x0000000800000000)
  region size 2048K, 2 young (4096K), 2 survivors (4096K)
 Metaspace       used 26391K, committed 26880K, reserved 1114112K
  class space    used 3313K, committed 3520K, reserved 1048576K
}
Event: 3.606 GC heap before
{Heap before GC invocations=5 (full 0):
 garbage-first heap   total 61440K, used 44341K [0x0000000703800000, 0x0000000800000000)
  region size 2048K, 15 young (30720K), 2 survivors (4096K)
 Metaspace       used 31154K, committed 31680K, reserved 1114112K
  class space    used 3898K, committed 4096K, reserved 1048576K
}
Event: 3.612 GC heap after
{Heap after GC invocations=6 (full 0):
 garbage-first heap   total 61440K, used 20045K [0x0000000703800000, 0x0000000800000000)
  region size 2048K, 2 young (4096K), 2 survivors (4096K)
 Metaspace       used 31154K, committed 31680K, reserved 1114112K
  class space    used 3898K, committed 4096K, reserved 1048576K
}
Event: 3.877 GC heap before
{Heap before GC invocations=6 (full 0):
 garbage-first heap   total 61440K, used 32333K [0x0000000703800000, 0x0000000800000000)
  region size 2048K, 10 young (20480K), 2 survivors (4096K)
 Metaspace       used 35501K, committed 35968K, reserved 1114112K
  class space    used 4598K, committed 4800K, reserved 1048576K
}
Event: 3.879 GC heap after
{Heap after GC invocations=7 (full 0):
 garbage-first heap   total 61440K, used 20640K [0x0000000703800000, 0x0000000800000000)
  region size 2048K, 2 young (4096K), 2 survivors (4096K)
 Metaspace       used 35501K, committed 35968K, reserved 1114112K
  class space    used 4598K, committed 4800K, reserved 1048576K
}
Event: 4.555 GC heap before
{Heap before GC invocations=8 (full 0):
 garbage-first heap   total 61440K, used 47264K [0x0000000703800000, 0x0000000800000000)
  region size 2048K, 15 young (30720K), 2 survivors (4096K)
 Metaspace       used 46092K, committed 46656K, reserved 1114112K
  class space    used 5892K, committed 6144K, reserved 1048576K
}
Event: 4.559 GC heap after
{Heap after GC invocations=9 (full 0):
 garbage-first heap   total 61440K, used 23494K [0x0000000703800000, 0x0000000800000000)
  region size 2048K, 2 young (4096K), 2 survivors (4096K)
 Metaspace       used 46092K, committed 46656K, reserved 1114112K
  class space    used 5892K, committed 6144K, reserved 1048576K
}
Event: 5.016 GC heap before
{Heap before GC invocations=9 (full 0):
 garbage-first heap   total 61440K, used 48070K [0x0000000703800000, 0x0000000800000000)
  region size 2048K, 15 young (30720K), 2 survivors (4096K)
 Metaspace       used 54218K, committed 54848K, reserved 1114112K
  class space    used 7160K, committed 7424K, reserved 1048576K
}
Event: 5.023 GC heap after
{Heap after GC invocations=10 (full 0):
 garbage-first heap   total 61440K, used 25097K [0x0000000703800000, 0x0000000800000000)
  region size 2048K, 1 young (2048K), 1 survivors (2048K)
 Metaspace       used 54218K, committed 54848K, reserved 1114112K
  class space    used 7160K, committed 7424K, reserved 1048576K
}
Event: 5.496 GC heap before
{Heap before GC invocations=10 (full 0):
 garbage-first heap   total 61440K, used 47625K [0x0000000703800000, 0x0000000800000000)
  region size 2048K, 13 young (26624K), 1 survivors (2048K)
 Metaspace       used 57860K, committed 58560K, reserved 1114112K
  class space    used 7661K, committed 8000K, reserved 1048576K
}
Event: 5.499 GC heap after
{Heap after GC invocations=11 (full 0):
 garbage-first heap   total 161792K, used 25798K [0x0000000703800000, 0x0000000800000000)
  region size 2048K, 2 young (4096K), 2 survivors (4096K)
 Metaspace       used 57860K, committed 58560K, reserved 1114112K
  class space    used 7661K, committed 8000K, reserved 1048576K
}
Event: 5.738 GC heap before
{Heap before GC invocations=11 (full 0):
 garbage-first heap   total 161792K, used 33990K [0x0000000703800000, 0x0000000800000000)
  region size 2048K, 7 young (14336K), 2 survivors (4096K)
 Metaspace       used 59820K, committed 60416K, reserved 1114112K
  class space    used 7861K, committed 8128K, reserved 1048576K
}
Event: 5.743 GC heap after
{Heap after GC invocations=12 (full 0):
 garbage-first heap   total 161792K, used 27127K [0x0000000703800000, 0x0000000800000000)
  region size 2048K, 2 young (4096K), 2 survivors (4096K)
 Metaspace       used 59820K, committed 60416K, reserved 1114112K
  class space    used 7861K, committed 8128K, reserved 1048576K
}

