# JRE version: Java(TM) SE Runtime Environment (21.0+35) (build 21+35-LTS-2513)
# Java VM: Java HotSpot(TM) 64-Bit Server VM (21+35-LTS-2513, mixed mode, sharing, tiered, compressed oops, compressed class ptrs, g1 gc, windows-amd64)
GC Precious Log:
 CardTable entry size: 512
 Card Set container configuration: InlinePtr #cards 4 size 8 Array Of Cards #cards 16 size 48 Howl #buckets 8 coarsen threshold 3686 Howl Bitmap #cards 512 size 80 coarsen threshold 460 Card regions per heap region 1 cards per card region 4096
 CPUs: 8 total, 8 available
 Memory: 16155M
 Large Page Support: Disabled
 NUMA Support: Disabled
 Compressed Oops: Enabled (Zero based)
 Heap Region Size: 2M
 Heap Min Capacity: 8M
 Heap Initial Capacity: 254M
 Heap Max Capacity: 4040M
 Pre-touch: Disabled
 Parallel Workers: 8
 Concurrent Workers: 2
 Concurrent Refinement Workers: 8
 Periodic GC: Disabled
Heap:
 garbage-first heap   total 81920K, used 58604K [0x0000000703800000, 0x0000000800000000)
  region size 2048K, 17 young (34816K), 3 survivors (6144K)
 Metaspace       used 67882K, committed 68608K, reserved 1114112K
  class space    used 9214K, committed 9536K, reserved 1048576K
GC Heap History (20 events):
Event: 3.073 GC heap before
{Heap before GC invocations=1 (full 0):
 garbage-first heap   total 260096K, used 31465K [0x0000000703800000, 0x0000000800000000)
  region size 2048K, 13 young (26624K), 2 survivors (4096K)
 Metaspace       used 10749K, committed 11008K, reserved 1114112K
  class space    used 1281K, committed 1408K, reserved 1048576K
}
Event: 3.078 GC heap after
{Heap after GC invocations=2 (full 0):
 garbage-first heap   total 260096K, used 11016K [0x0000000703800000, 0x0000000800000000)
  region size 2048K, 1 young (2048K), 1 survivors (2048K)
 Metaspace       used 10749K, committed 11008K, reserved 1114112K
  class space    used 1281K, committed 1408K, reserved 1048576K
}
Event: 4.853 GC heap before
{Heap before GC invocations=2 (full 0):
 garbage-first heap   total 260096K, used 68360K [0x0000000703800000, 0x0000000800000000)
  region size 2048K, 31 young (63488K), 1 survivors (2048K)
 Metaspace       used 21162K, committed 21504K, reserved 1114112K
  class space    used 2550K, committed 2752K, reserved 1048576K
}
Event: 4.860 GC heap after
{Heap after GC invocations=3 (full 0):
 garbage-first heap   total 260096K, used 15694K [0x0000000703800000, 0x0000000800000000)
  region size 2048K, 4 young (8192K), 4 survivors (8192K)
 Metaspace       used 21162K, committed 21504K, reserved 1114112K
  class space    used 2550K, committed 2752K, reserved 1048576K
}
Event: 6.952 GC heap before
{Heap before GC invocations=4 (full 0):
 garbage-first heap   total 69632K, used 66894K [0x0000000703800000, 0x0000000800000000)
  region size 2048K, 29 young (59392K), 4 survivors (8192K)
 Metaspace       used 29608K, committed 30208K, reserved 1114112K
  class space    used 3714K, committed 3968K, reserved 1048576K
}
Event: 6.964 GC heap after
{Heap after GC invocations=5 (full 0):
 garbage-first heap   total 81920K, used 20505K [0x0000000703800000, 0x0000000800000000)
  region size 2048K, 6 young (12288K), 6 survivors (12288K)
 Metaspace       used 29608K, committed 30208K, reserved 1114112K
  class space    used 3714K, committed 3968K, reserved 1048576K
}
Event: 7.523 GC heap before
{Heap before GC invocations=5 (full 0):
 garbage-first heap   total 81920K, used 40985K [0x0000000703800000, 0x0000000800000000)
  region size 2048K, 17 young (34816K), 6 survivors (12288K)
 Metaspace       used 35470K, committed 35968K, reserved 1114112K
  class space    used 4584K, committed 4800K, reserved 1048576K
}
Event: 7.532 GC heap after
{Heap after GC invocations=6 (full 0):
 garbage-first heap   total 81920K, used 21741K [0x0000000703800000, 0x0000000800000000)
  region size 2048K, 1 young (2048K), 1 survivors (2048K)
 Metaspace       used 35470K, committed 35968K, reserved 1114112K
  class space    used 4584K, committed 4800K, reserved 1048576K
}
Event: 7.563 GC heap before
{Heap before GC invocations=6 (full 0):
 garbage-first heap   total 81920K, used 21741K [0x0000000703800000, 0x0000000800000000)
  region size 2048K, 2 young (4096K), 1 survivors (2048K)
 Metaspace       used 35774K, committed 36288K, reserved 1114112K
  class space    used 4621K, committed 4864K, reserved 1048576K
}
Event: 7.565 GC heap after
{Heap after GC invocations=7 (full 0):
 garbage-first heap   total 81920K, used 21120K [0x0000000703800000, 0x0000000800000000)
  region size 2048K, 1 young (2048K), 1 survivors (2048K)
 Metaspace       used 35774K, committed 36288K, reserved 1114112K
  class space    used 4621K, committed 4864K, reserved 1048576K
}
Event: 8.970 GC heap before
{Heap before GC invocations=8 (full 0):
 garbage-first heap   total 81920K, used 64128K [0x0000000703800000, 0x0000000800000000)
  region size 2048K, 22 young (45056K), 1 survivors (2048K)
 Metaspace       used 52032K, committed 52608K, reserved 1114112K
  class space    used 6735K, committed 6976K, reserved 1048576K
}
Event: 8.974 GC heap after
{Heap after GC invocations=9 (full 0):
 garbage-first heap   total 81920K, used 25179K [0x0000000703800000, 0x0000000800000000)
  region size 2048K, 3 young (6144K), 3 survivors (6144K)
 Metaspace       used 52032K, committed 52608K, reserved 1114112K
  class space    used 6735K, committed 6976K, reserved 1048576K
}
Event: 10.156 GC heap before
{Heap before GC invocations=9 (full 0):
 garbage-first heap   total 81920K, used 66139K [0x0000000703800000, 0x0000000800000000)
  region size 2048K, 23 young (47104K), 3 survivors (6144K)
 Metaspace       used 59589K, committed 60224K, reserved 1114112K
  class space    used 7818K, committed 8128K, reserved 1048576K
}
Event: 10.162 GC heap after
{Heap after GC invocations=10 (full 0):
 garbage-first heap   total 81920K, used 26747K [0x0000000703800000, 0x0000000800000000)
  region size 2048K, 2 young (4096K), 2 survivors (4096K)
 Metaspace       used 59589K, committed 60224K, reserved 1114112K
  class space    used 7818K, committed 8128K, reserved 1048576K
}
Event: 10.342 GC heap before
{Heap before GC invocations=10 (full 0):
 garbage-first heap   total 81920K, used 30843K [0x0000000703800000, 0x0000000800000000)
  region size 2048K, 5 young (10240K), 2 survivors (4096K)
 Metaspace       used 60486K, committed 61120K, reserved 1114112K
  class space    used 7977K, committed 8320K, reserved 1048576K
}
Event: 10.347 GC heap after
{Heap after GC invocations=11 (full 0):
 garbage-first heap   total 81920K, used 26979K [0x0000000703800000, 0x0000000800000000)
  region size 2048K, 2 young (4096K), 2 survivors (4096K)
 Metaspace       used 60486K, committed 61120K, reserved 1114112K
  class space    used 7977K, committed 8320K, reserved 1048576K
}
Event: 10.994 GC heap before
{Heap before GC invocations=12 (full 0):
 garbage-first heap   total 81920K, used 67939K [0x0000000703800000, 0x0000000800000000)
  region size 2048K, 22 young (45056K), 2 survivors (4096K)
 Metaspace       used 65595K, committed 66240K, reserved 1114112K
  class space    used 8927K, committed 9216K, reserved 1048576K
}
Event: 11.000 GC heap after
{Heap after GC invocations=13 (full 0):
 garbage-first heap   total 81920K, used 30145K [0x0000000703800000, 0x0000000800000000)
  region size 2048K, 3 young (6144K), 3 survivors (6144K)
 Metaspace       used 65595K, committed 66240K, reserved 1114112K
  class space    used 8927K, committed 9216K, reserved 1048576K
}
Event: 11.303 GC heap before
{Heap before GC invocations=13 (full 0):
 garbage-first heap   total 81920K, used 69057K [0x0000000703800000, 0x0000000800000000)
  region size 2048K, 22 young (45056K), 3 survivors (6144K)
 Metaspace       used 66238K, committed 66880K, reserved 1114112K
  class space    used 8998K, committed 9280K, reserved 1048576K
}
Event: 11.316 GC heap after
{Heap after GC invocations=14 (full 0):
 garbage-first heap   total 81920K, used 31980K [0x0000000703800000, 0x0000000800000000)
  region size 2048K, 3 young (6144K), 3 survivors (6144K)
 Metaspace       used 66238K, committed 66880K, reserved 1114112K
  class space    used 8998K, committed 9280K, reserved 1048576K
}

